[NaN-NaN-NaN NaN:NaN:NaN.NaN] [INFO] log_file - 登录
[NaN-NaN-NaN NaN:NaN:NaN.NaN] [INFO] log_file - 登录
[NaN-NaN-NaN NaN:NaN:NaN.NaN] [INFO] log_file - 登录
[NaN-NaN-NaN NaN:NaN:NaN.NaN] [INFO] log_file - 登录
[2016-11-06 11:31:44.206] [INFO] log_file - 登录
[2016-11-06 11:31:44.456] [INFO] log_file - 登录
[NaN-NaN-NaN NaN:NaN:NaN.NaN] [INFO] log_file - 登录
[NaN-NaN-NaN NaN:NaN:NaN.NaN] [INFO] log_file - 登录
[NaN-NaN-NaN NaN:NaN:NaN.NaN] [INFO] log_file - IncomingMessage {
  _readableState: 
   ReadableState {
     objectMode: false,
     highWaterMark: 16384,
     buffer: BufferList { head: null, tail: null, length: 0 },
     length: 0,
     pipes: null,
     pipesCount: 0,
     flowing: null,
     ended: true,
     endEmitted: false,
     reading: false,
     sync: true,
     needReadable: false,
     emittedReadable: true,
     readableListening: false,
     resumeScheduled: false,
     defaultEncoding: 'utf8',
     ranOut: false,
     awaitDrain: 0,
     readingMore: true,
     decoder: null,
     encoding: null },
  readable: true,
  domain: null,
  _events: {},
  _eventsCount: 0,
  _maxListeners: undefined,
  socket: 
   Socket {
     connecting: false,
     _hadError: false,
     _handle: 
      TCP {
        bytesRead: 592,
        _externalStream: {},
        fd: -1,
        reading: true,
        owner: [Circular],
        onread: [Function: onread],
        onconnection: null,
        writeQueueSize: 0 },
     _parent: null,
     _host: null,
     _readableState: 
      ReadableState {
        objectMode: false,
        highWaterMark: 16384,
        buffer: [Object],
        length: 0,
        pipes: null,
        pipesCount: 0,
        flowing: true,
        ended: false,
        endEmitted: false,
        reading: true,
        sync: false,
        needReadable: true,
        emittedReadable: false,
        readableListening: false,
        resumeScheduled: false,
        defaultEncoding: 'utf8',
        ranOut: false,
        awaitDrain: 0,
        readingMore: false,
        decoder: null,
        encoding: null },
     readable: true,
     domain: null,
     _events: 
      { end: [Object],
        finish: [Function: onSocketFinish],
        _socketEnd: [Function: onSocketEnd],
        drain: [Object],
        timeout: [Function],
        error: [Object],
        close: [Object],
        data: [Function: socketOnData],
        resume: [Function: onSocketResume],
        pause: [Function: onSocketPause] },
     _eventsCount: 10,
     _maxListeners: undefined,
     _writableState: 
      WritableState {
        objectMode: false,
        highWaterMark: 16384,
        needDrain: false,
        ending: false,
        ended: false,
        finished: false,
        decodeStrings: false,
        defaultEncoding: 'utf8',
        length: 0,
        writing: false,
        corked: 0,
        sync: true,
        bufferProcessing: false,
        onwrite: [Function],
        writecb: null,
        writelen: 0,
        bufferedRequest: null,
        lastBufferedRequest: null,
        pendingcb: 0,
        prefinished: false,
        errorEmitted: false,
        bufferedRequestCount: 0,
        corkedRequestsFree: [Object] },
     writable: true,
     allowHalfOpen: true,
     destroyed: false,
     _bytesDispatched: 0,
     _sockname: null,
     _pendingData: null,
     _pendingEncoding: '',
     server: 
      Server {
        domain: null,
        _events: [Object],
        _eventsCount: 4,
        _maxListeners: undefined,
        _connections: 1,
        _handle: [Object],
        _usingSlaves: false,
        _slaves: [],
        _unref: false,
        allowHalfOpen: true,
        pauseOnConnect: false,
        httpAllowHalfOpen: false,
        timeout: 120000,
        _pendingResponseData: 0,
        _connectionKey: '6::::3000' },
     _server: 
      Server {
        domain: null,
        _events: [Object],
        _eventsCount: 4,
        _maxListeners: undefined,
        _connections: 1,
        _handle: [Object],
        _usingSlaves: false,
        _slaves: [],
        _unref: false,
        allowHalfOpen: true,
        pauseOnConnect: false,
        httpAllowHalfOpen: false,
        timeout: 120000,
        _pendingResponseData: 0,
        _connectionKey: '6::::3000' },
     _idleTimeout: 120000,
     _idleNext: 
      TimersList {
        _idleNext: [Circular],
        _idlePrev: [Circular],
        _timer: [Object],
        _unrefed: true,
        msecs: 120000 },
     _idlePrev: 
      TimersList {
        _idleNext: [Circular],
        _idlePrev: [Circular],
        _timer: [Object],
        _unrefed: true,
        msecs: 120000 },
     _idleStart: 1703,
     parser: 
      HTTPParser {
        '0': [Function: parserOnHeaders],
        '1': [Function: parserOnHeadersComplete],
        '2': [Function: parserOnBody],
        '3': [Function: parserOnMessageComplete],
        '4': [Function: onParserExecute],
        _headers: [],
        _url: '',
        _consumed: true,
        socket: [Circular],
        incoming: [Circular],
        outgoing: null,
        maxHeaderPairs: 2000,
        onIncoming: [Function: parserOnIncoming] },
     on: [Function: socketOnWrap],
     _paused: false,
     read: [Function],
     _consuming: true,
     _httpMessage: 
      ServerResponse {
        domain: null,
        _events: [Object],
        _eventsCount: 2,
        _maxListeners: undefined,
        output: [],
        outputEncodings: [],
        outputCallbacks: [],
        outputSize: 0,
        writable: true,
        _last: false,
        upgrading: false,
        chunkedEncoding: false,
        shouldKeepAlive: true,
        useChunkedEncodingByDefault: true,
        sendDate: true,
        _removedHeader: {},
        _contentLength: null,
        _hasBody: true,
        _trailer: '',
        finished: false,
        _headerSent: false,
        socket: [Circular],
        connection: [Circular],
        _header: null,
        _headers: [Object],
        _headerNames: [Object],
        _onPendingData: [Function: updateOutgoingData],
        req: [Circular],
        locals: {},
        writeHead: [Function: writeHead],
        end: [Function: end],
        __onFinished: [Object] },
     _peername: { address: '::ffff:127.0.0.1', family: 'IPv6', port: 53279 } },
  connection: 
   Socket {
     connecting: false,
     _hadError: false,
     _handle: 
      TCP {
        bytesRead: 592,
        _externalStream: {},
        fd: -1,
        reading: true,
        owner: [Circular],
        onread: [Function: onread],
        onconnection: null,
        writeQueueSize: 0 },
     _parent: null,
     _host: null,
     _readableState: 
      ReadableState {
        objectMode: false,
        highWaterMark: 16384,
        buffer: [Object],
        length: 0,
        pipes: null,
        pipesCount: 0,
        flowing: true,
        ended: false,
        endEmitted: false,
        reading: true,
        sync: false,
        needReadable: true,
        emittedReadable: false,
        readableListening: false,
        resumeScheduled: false,
        defaultEncoding: 'utf8',
        ranOut: false,
        awaitDrain: 0,
        readingMore: false,
        decoder: null,
        encoding: null },
     readable: true,
     domain: null,
     _events: 
      { end: [Object],
        finish: [Function: onSocketFinish],
        _socketEnd: [Function: onSocketEnd],
        drain: [Object],
        timeout: [Function],
        error: [Object],
        close: [Object],
        data: [Function: socketOnData],
        resume: [Function: onSocketResume],
        pause: [Function: onSocketPause] },
     _eventsCount: 10,
     _maxListeners: undefined,
     _writableState: 
      WritableState {
        objectMode: false,
        highWaterMark: 16384,
        needDrain: false,
        ending: false,
        ended: false,
        finished: false,
        decodeStrings: false,
        defaultEncoding: 'utf8',
        length: 0,
        writing: false,
        corked: 0,
        sync: true,
        bufferProcessing: false,
        onwrite: [Function],
        writecb: null,
        writelen: 0,
        bufferedRequest: null,
        lastBufferedRequest: null,
        pendingcb: 0,
        prefinished: false,
        errorEmitted: false,
        bufferedRequestCount: 0,
        corkedRequestsFree: [Object] },
     writable: true,
     allowHalfOpen: true,
     destroyed: false,
     _bytesDispatched: 0,
     _sockname: null,
     _pendingData: null,
     _pendingEncoding: '',
     server: 
      Server {
        domain: null,
        _events: [Object],
        _eventsCount: 4,
        _maxListeners: undefined,
        _connections: 1,
        _handle: [Object],
        _usingSlaves: false,
        _slaves: [],
        _unref: false,
        allowHalfOpen: true,
        pauseOnConnect: false,
        httpAllowHalfOpen: false,
        timeout: 120000,
        _pendingResponseData: 0,
        _connectionKey: '6::::3000' },
     _server: 
      Server {
        domain: null,
        _events: [Object],
        _eventsCount: 4,
        _maxListeners: undefined,
        _connections: 1,
        _handle: [Object],
        _usingSlaves: false,
        _slaves: [],
        _unref: false,
        allowHalfOpen: true,
        pauseOnConnect: false,
        httpAllowHalfOpen: false,
        timeout: 120000,
        _pendingResponseData: 0,
        _connectionKey: '6::::3000' },
     _idleTimeout: 120000,
     _idleNext: 
      TimersList {
        _idleNext: [Circular],
        _idlePrev: [Circular],
        _timer: [Object],
        _unrefed: true,
        msecs: 120000 },
     _idlePrev: 
      TimersList {
        _idleNext: [Circular],
        _idlePrev: [Circular],
        _timer: [Object],
        _unrefed: true,
        msecs: 120000 },
     _idleStart: 1703,
     parser: 
      HTTPParser {
        '0': [Function: parserOnHeaders],
        '1': [Function: parserOnHeadersComplete],
        '2': [Function: parserOnBody],
        '3': [Function: parserOnMessageComplete],
        '4': [Function: onParserExecute],
        _headers: [],
        _url: '',
        _consumed: true,
        socket: [Circular],
        incoming: [Circular],
        outgoing: null,
        maxHeaderPairs: 2000,
        onIncoming: [Function: parserOnIncoming] },
     on: [Function: socketOnWrap],
     _paused: false,
     read: [Function],
     _consuming: true,
     _httpMessage: 
      ServerResponse {
        domain: null,
        _events: [Object],
        _eventsCount: 2,
        _maxListeners: undefined,
        output: [],
        outputEncodings: [],
        outputCallbacks: [],
        outputSize: 0,
        writable: true,
        _last: false,
        upgrading: false,
        chunkedEncoding: false,
        shouldKeepAlive: true,
        useChunkedEncodingByDefault: true,
        sendDate: true,
        _removedHeader: {},
        _contentLength: null,
        _hasBody: true,
        _trailer: '',
        finished: false,
        _headerSent: false,
        socket: [Circular],
        connection: [Circular],
        _header: null,
        _headers: [Object],
        _headerNames: [Object],
        _onPendingData: [Function: updateOutgoingData],
        req: [Circular],
        locals: {},
        writeHead: [Function: writeHead],
        end: [Function: end],
        __onFinished: [Object] },
     _peername: { address: '::ffff:127.0.0.1', family: 'IPv6', port: 53279 } },
  httpVersionMajor: 1,
  httpVersionMinor: 1,
  httpVersion: '1.1',
  complete: true,
  headers: 
   { host: 'localhost:3000',
     connection: 'keep-alive',
     'cache-control': 'max-age=0',
     accept: 'text/html,application/xhtml+xml,application/xml;q=0.9,image/webp,*/*;q=0.8',
     'user-agent': 'Mozilla/5.0 (Windows NT 6.1; WOW64) AppleWebKit/537.36 (KHTML, like Gecko) Chrome/38.0.2125.111 Safari/537.36',
     referer: 'http://localhost:3000/acticle',
     'accept-encoding': 'gzip,deflate,sdch',
     'accept-language': 'zh-CN,zh;q=0.8',
     cookie: 'bdshare_firstime=1454232799904; connect.sid=s%3A7iSJYUJyiTM2Z9j0_XYxTAy0J0-dYMla.VzRZJkauFsXPbXyX34jgum88Gf0rut4nBtV0UEASE%2BA',
     'if-none-match': 'W/"cyqv2QvQGfLeZUFqH2F7Og=="' },
  rawHeaders: 
   [ 'Host',
     'localhost:3000',
     'Connection',
     'keep-alive',
     'Cache-Control',
     'max-age=0',
     'Accept',
     'text/html,application/xhtml+xml,application/xml;q=0.9,image/webp,*/*;q=0.8',
     'User-Agent',
     'Mozilla/5.0 (Windows NT 6.1; WOW64) AppleWebKit/537.36 (KHTML, like Gecko) Chrome/38.0.2125.111 Safari/537.36',
     'Referer',
     'http://localhost:3000/acticle',
     'Accept-Encoding',
     'gzip,deflate,sdch',
     'Accept-Language',
     'zh-CN,zh;q=0.8',
     'Cookie',
     'bdshare_firstime=1454232799904; connect.sid=s%3A7iSJYUJyiTM2Z9j0_XYxTAy0J0-dYMla.VzRZJkauFsXPbXyX34jgum88Gf0rut4nBtV0UEASE%2BA',
     'If-None-Match',
     'W/"cyqv2QvQGfLeZUFqH2F7Og=="' ],
  trailers: {},
  rawTrailers: [],
  upgrade: false,
  url: '/login',
  method: 'GET',
  statusCode: null,
  statusMessage: null,
  client: 
   Socket {
     connecting: false,
     _hadError: false,
     _handle: 
      TCP {
        bytesRead: 592,
        _externalStream: {},
        fd: -1,
        reading: true,
        owner: [Circular],
        onread: [Function: onread],
        onconnection: null,
        writeQueueSize: 0 },
     _parent: null,
     _host: null,
     _readableState: 
      ReadableState {
        objectMode: false,
        highWaterMark: 16384,
        buffer: [Object],
        length: 0,
        pipes: null,
        pipesCount: 0,
        flowing: true,
        ended: false,
        endEmitted: false,
        reading: true,
        sync: false,
        needReadable: true,
        emittedReadable: false,
        readableListening: false,
        resumeScheduled: false,
        defaultEncoding: 'utf8',
        ranOut: false,
        awaitDrain: 0,
        readingMore: false,
        decoder: null,
        encoding: null },
     readable: true,
     domain: null,
     _events: 
      { end: [Object],
        finish: [Function: onSocketFinish],
        _socketEnd: [Function: onSocketEnd],
        drain: [Object],
        timeout: [Function],
        error: [Object],
        close: [Object],
        data: [Function: socketOnData],
        resume: [Function: onSocketResume],
        pause: [Function: onSocketPause] },
     _eventsCount: 10,
     _maxListeners: undefined,
     _writableState: 
      WritableState {
        objectMode: false,
        highWaterMark: 16384,
        needDrain: false,
        ending: false,
        ended: false,
        finished: false,
        decodeStrings: false,
        defaultEncoding: 'utf8',
        length: 0,
        writing: false,
        corked: 0,
        sync: true,
        bufferProcessing: false,
        onwrite: [Function],
        writecb: null,
        writelen: 0,
        bufferedRequest: null,
        lastBufferedRequest: null,
        pendingcb: 0,
        prefinished: false,
        errorEmitted: false,
        bufferedRequestCount: 0,
        corkedRequestsFree: [Object] },
     writable: true,
     allowHalfOpen: true,
     destroyed: false,
     _bytesDispatched: 0,
     _sockname: null,
     _pendingData: null,
     _pendingEncoding: '',
     server: 
      Server {
        domain: null,
        _events: [Object],
        _eventsCount: 4,
        _maxListeners: undefined,
        _connections: 1,
        _handle: [Object],
        _usingSlaves: false,
        _slaves: [],
        _unref: false,
        allowHalfOpen: true,
        pauseOnConnect: false,
        httpAllowHalfOpen: false,
        timeout: 120000,
        _pendingResponseData: 0,
        _connectionKey: '6::::3000' },
     _server: 
      Server {
        domain: null,
        _events: [Object],
        _eventsCount: 4,
        _maxListeners: undefined,
        _connections: 1,
        _handle: [Object],
        _usingSlaves: false,
        _slaves: [],
        _unref: false,
        allowHalfOpen: true,
        pauseOnConnect: false,
        httpAllowHalfOpen: false,
        timeout: 120000,
        _pendingResponseData: 0,
        _connectionKey: '6::::3000' },
     _idleTimeout: 120000,
     _idleNext: 
      TimersList {
        _idleNext: [Circular],
        _idlePrev: [Circular],
        _timer: [Object],
        _unrefed: true,
        msecs: 120000 },
     _idlePrev: 
      TimersList {
        _idleNext: [Circular],
        _idlePrev: [Circular],
        _timer: [Object],
        _unrefed: true,
        msecs: 120000 },
     _idleStart: 1703,
     parser: 
      HTTPParser {
        '0': [Function: parserOnHeaders],
        '1': [Function: parserOnHeadersComplete],
        '2': [Function: parserOnBody],
        '3': [Function: parserOnMessageComplete],
        '4': [Function: onParserExecute],
        _headers: [],
        _url: '',
        _consumed: true,
        socket: [Circular],
        incoming: [Circular],
        outgoing: null,
        maxHeaderPairs: 2000,
        onIncoming: [Function: parserOnIncoming] },
     on: [Function: socketOnWrap],
     _paused: false,
     read: [Function],
     _consuming: true,
     _httpMessage: 
      ServerResponse {
        domain: null,
        _events: [Object],
        _eventsCount: 2,
        _maxListeners: undefined,
        output: [],
        outputEncodings: [],
        outputCallbacks: [],
        outputSize: 0,
        writable: true,
        _last: false,
        upgrading: false,
        chunkedEncoding: false,
        shouldKeepAlive: true,
        useChunkedEncodingByDefault: true,
        sendDate: true,
        _removedHeader: {},
        _contentLength: null,
        _hasBody: true,
        _trailer: '',
        finished: false,
        _headerSent: false,
        socket: [Circular],
        connection: [Circular],
        _header: null,
        _headers: [Object],
        _headerNames: [Object],
        _onPendingData: [Function: updateOutgoingData],
        req: [Circular],
        locals: {},
        writeHead: [Function: writeHead],
        end: [Function: end],
        __onFinished: [Object] },
     _peername: { address: '::ffff:127.0.0.1', family: 'IPv6', port: 53279 } },
  _consuming: false,
  _dumped: false,
  next: [Function: next],
  baseUrl: '',
  originalUrl: '/login',
  _parsedUrl: 
   Url {
     protocol: null,
     slashes: null,
     auth: null,
     host: null,
     port: null,
     hostname: null,
     hash: null,
     search: null,
     query: null,
     pathname: '/login',
     path: '/login',
     href: '/login',
     _raw: '/login' },
  params: {},
  query: {},
  res: 
   ServerResponse {
     domain: null,
     _events: { finish: [Object], end: [Function: onevent] },
     _eventsCount: 2,
     _maxListeners: undefined,
     output: [],
     outputEncodings: [],
     outputCallbacks: [],
     outputSize: 0,
     writable: true,
     _last: false,
     upgrading: false,
     chunkedEncoding: false,
     shouldKeepAlive: true,
     useChunkedEncodingByDefault: true,
     sendDate: true,
     _removedHeader: {},
     _contentLength: null,
     _hasBody: true,
     _trailer: '',
     finished: false,
     _headerSent: false,
     socket: 
      Socket {
        connecting: false,
        _hadError: false,
        _handle: [Object],
        _parent: null,
        _host: null,
        _readableState: [Object],
        readable: true,
        domain: null,
        _events: [Object],
        _eventsCount: 10,
        _maxListeners: undefined,
        _writableState: [Object],
        writable: true,
        allowHalfOpen: true,
        destroyed: false,
        _bytesDispatched: 0,
        _sockname: null,
        _pendingData: null,
        _pendingEncoding: '',
        server: [Object],
        _server: [Object],
        _idleTimeout: 120000,
        _idleNext: [Object],
        _idlePrev: [Object],
        _idleStart: 1703,
        parser: [Object],
        on: [Function: socketOnWrap],
        _paused: false,
        read: [Function],
        _consuming: true,
        _httpMessage: [Circular],
        _peername: [Object] },
     connection: 
      Socket {
        connecting: false,
        _hadError: false,
        _handle: [Object],
        _parent: null,
        _host: null,
        _readableState: [Object],
        readable: true,
        domain: null,
        _events: [Object],
        _eventsCount: 10,
        _maxListeners: undefined,
        _writableState: [Object],
        writable: true,
        allowHalfOpen: true,
        destroyed: false,
        _bytesDispatched: 0,
        _sockname: null,
        _pendingData: null,
        _pendingEncoding: '',
        server: [Object],
        _server: [Object],
        _idleTimeout: 120000,
        _idleNext: [Object],
        _idlePrev: [Object],
        _idleStart: 1703,
        parser: [Object],
        on: [Function: socketOnWrap],
        _paused: false,
        read: [Function],
        _consuming: true,
        _httpMessage: [Circular],
        _peername: [Object] },
     _header: null,
     _headers: { 'x-powered-by': 'Express' },
     _headerNames: { 'x-powered-by': 'X-Powered-By' },
     _onPendingData: [Function: updateOutgoingData],
     req: [Circular],
     locals: {},
     writeHead: [Function: writeHead],
     end: [Function: end],
     __onFinished: { [Function: listener] queue: [Object] } },
  _parsedOriginalUrl: 
   Url {
     protocol: null,
     slashes: null,
     auth: null,
     host: null,
     port: null,
     hostname: null,
     hash: null,
     search: null,
     query: null,
     pathname: '/login',
     path: '/login',
     href: '/login',
     _raw: '/login' },
  sessionStore: 
   MemoryStore {
     sessions: {},
     generate: [Function],
     _events: { disconnect: [Function], connect: [Function] },
     _eventsCount: 2 },
  sessionID: 'PxfmYDCPwDG0T5XbrL5YjaBJ_N6Zfhc-',
  session: 
   Session {
     cookie: 
      { path: '/',
        _expires: 2016-11-06T04:06:11.994Z,
        originalMaxAge: 1800000,
        httpOnly: true } },
  _startAt: [ 6490, 634864333 ],
  _startTime: 2016-11-06T03:36:11.996Z,
  _remoteAddress: '::ffff:127.0.0.1',
  body: {},
  secret: undefined,
  cookies: 
   { bdshare_firstime: '1454232799904',
     'connect.sid': 's:7iSJYUJyiTM2Z9j0_XYxTAy0J0-dYMla.VzRZJkauFsXPbXyX34jgum88Gf0rut4nBtV0UEASE+A' },
  signedCookies: {},
  route: Route { path: '/login', stack: [ [Object] ], methods: { get: true } } }
[NaN-NaN-NaN NaN:NaN:NaN.NaN] [INFO] log_file - IncomingMessage {
  _readableState: 
   ReadableState {
     objectMode: false,
     highWaterMark: 16384,
     buffer: BufferList { head: null, tail: null, length: 0 },
     length: 0,
     pipes: null,
     pipesCount: 0,
     flowing: null,
     ended: true,
     endEmitted: false,
     reading: false,
     sync: true,
     needReadable: false,
     emittedReadable: true,
     readableListening: false,
     resumeScheduled: false,
     defaultEncoding: 'utf8',
     ranOut: false,
     awaitDrain: 0,
     readingMore: true,
     decoder: null,
     encoding: null },
  readable: true,
  domain: null,
  _events: {},
  _eventsCount: 0,
  _maxListeners: undefined,
  socket: 
   Socket {
     connecting: false,
     _hadError: false,
     _handle: 
      TCP {
        bytesRead: 2446,
        _externalStream: {},
        fd: -1,
        reading: true,
        owner: [Circular],
        onread: [Function: onread],
        onconnection: null,
        writeQueueSize: 0 },
     _parent: null,
     _host: null,
     _readableState: 
      ReadableState {
        objectMode: false,
        highWaterMark: 16384,
        buffer: [Object],
        length: 0,
        pipes: null,
        pipesCount: 0,
        flowing: true,
        ended: false,
        endEmitted: false,
        reading: true,
        sync: false,
        needReadable: true,
        emittedReadable: false,
        readableListening: false,
        resumeScheduled: false,
        defaultEncoding: 'utf8',
        ranOut: false,
        awaitDrain: 0,
        readingMore: false,
        decoder: null,
        encoding: null },
     readable: true,
     domain: null,
     _events: 
      { end: [Object],
        finish: [Function: onSocketFinish],
        _socketEnd: [Function: onSocketEnd],
        drain: [Object],
        timeout: [Function],
        error: [Object],
        close: [Object],
        data: [Function: socketOnData],
        resume: [Function: onSocketResume],
        pause: [Function: onSocketPause] },
     _eventsCount: 10,
     _maxListeners: undefined,
     _writableState: 
      WritableState {
        objectMode: false,
        highWaterMark: 16384,
        needDrain: false,
        ending: false,
        ended: false,
        finished: false,
        decodeStrings: false,
        defaultEncoding: 'utf8',
        length: 0,
        writing: false,
        corked: 0,
        sync: false,
        bufferProcessing: false,
        onwrite: [Function],
        writecb: null,
        writelen: 0,
        bufferedRequest: null,
        lastBufferedRequest: null,
        pendingcb: 0,
        prefinished: false,
        errorEmitted: false,
        bufferedRequestCount: 0,
        corkedRequestsFree: [Object] },
     writable: true,
     allowHalfOpen: true,
     destroyed: false,
     _bytesDispatched: 927,
     _sockname: null,
     _pendingData: null,
     _pendingEncoding: '',
     server: 
      Server {
        domain: null,
        _events: [Object],
        _eventsCount: 4,
        _maxListeners: undefined,
        _connections: 6,
        _handle: [Object],
        _usingSlaves: false,
        _slaves: [],
        _unref: false,
        allowHalfOpen: true,
        pauseOnConnect: false,
        httpAllowHalfOpen: false,
        timeout: 120000,
        _pendingResponseData: 0,
        _connectionKey: '6::::3000' },
     _server: 
      Server {
        domain: null,
        _events: [Object],
        _eventsCount: 4,
        _maxListeners: undefined,
        _connections: 6,
        _handle: [Object],
        _usingSlaves: false,
        _slaves: [],
        _unref: false,
        allowHalfOpen: true,
        pauseOnConnect: false,
        httpAllowHalfOpen: false,
        timeout: 120000,
        _pendingResponseData: 0,
        _connectionKey: '6::::3000' },
     _idleTimeout: 120000,
     _idleNext: 
      Socket {
        connecting: false,
        _hadError: false,
        _handle: [Object],
        _parent: null,
        _host: null,
        _readableState: [Object],
        readable: true,
        domain: null,
        _events: [Object],
        _eventsCount: 10,
        _maxListeners: undefined,
        _writableState: [Object],
        writable: true,
        allowHalfOpen: true,
        destroyed: false,
        _bytesDispatched: 481,
        _sockname: null,
        _pendingData: null,
        _pendingEncoding: '',
        server: [Object],
        _server: [Object],
        _idleTimeout: 120000,
        _idleNext: [Object],
        _idlePrev: [Circular],
        _idleStart: 1995,
        parser: [Object],
        on: [Function: socketOnWrap],
        _paused: false,
        read: [Function],
        _consuming: true,
        _httpMessage: null,
        _peername: [Object] },
     _idlePrev: 
      TimersList {
        _idleNext: [Circular],
        _idlePrev: [Object],
        _timer: [Object],
        _unrefed: true,
        msecs: 120000 },
     _idleStart: 2093,
     parser: 
      HTTPParser {
        '0': [Function: parserOnHeaders],
        '1': [Function: parserOnHeadersComplete],
        '2': [Function: parserOnBody],
        '3': [Function: parserOnMessageComplete],
        '4': [Function: onParserExecute],
        _headers: [],
        _url: '',
        _consumed: true,
        socket: [Circular],
        incoming: [Circular],
        outgoing: null,
        maxHeaderPairs: 2000,
        onIncoming: [Function: parserOnIncoming] },
     on: [Function: socketOnWrap],
     _paused: false,
     read: [Function],
     _consuming: true,
     _httpMessage: 
      ServerResponse {
        domain: null,
        _events: [Object],
        _eventsCount: 2,
        _maxListeners: undefined,
        output: [],
        outputEncodings: [],
        outputCallbacks: [],
        outputSize: 0,
        writable: true,
        _last: false,
        upgrading: false,
        chunkedEncoding: false,
        shouldKeepAlive: true,
        useChunkedEncodingByDefault: true,
        sendDate: true,
        _removedHeader: {},
        _contentLength: null,
        _hasBody: true,
        _trailer: '',
        finished: false,
        _headerSent: false,
        socket: [Circular],
        connection: [Circular],
        _header: null,
        _headers: [Object],
        _headerNames: [Object],
        _onPendingData: [Function: updateOutgoingData],
        req: [Circular],
        locals: {},
        writeHead: [Function: writeHead],
        end: [Function: end],
        __onFinished: [Object] },
     _peername: { address: '::ffff:127.0.0.1', family: 'IPv6', port: 53282 } },
  connection: 
   Socket {
     connecting: false,
     _hadError: false,
     _handle: 
      TCP {
        bytesRead: 2446,
        _externalStream: {},
        fd: -1,
        reading: true,
        owner: [Circular],
        onread: [Function: onread],
        onconnection: null,
        writeQueueSize: 0 },
     _parent: null,
     _host: null,
     _readableState: 
      ReadableState {
        objectMode: false,
        highWaterMark: 16384,
        buffer: [Object],
        length: 0,
        pipes: null,
        pipesCount: 0,
        flowing: true,
        ended: false,
        endEmitted: false,
        reading: true,
        sync: false,
        needReadable: true,
        emittedReadable: false,
        readableListening: false,
        resumeScheduled: false,
        defaultEncoding: 'utf8',
        ranOut: false,
        awaitDrain: 0,
        readingMore: false,
        decoder: null,
        encoding: null },
     readable: true,
     domain: null,
     _events: 
      { end: [Object],
        finish: [Function: onSocketFinish],
        _socketEnd: [Function: onSocketEnd],
        drain: [Object],
        timeout: [Function],
        error: [Object],
        close: [Object],
        data: [Function: socketOnData],
        resume: [Function: onSocketResume],
        pause: [Function: onSocketPause] },
     _eventsCount: 10,
     _maxListeners: undefined,
     _writableState: 
      WritableState {
        objectMode: false,
        highWaterMark: 16384,
        needDrain: false,
        ending: false,
        ended: false,
        finished: false,
        decodeStrings: false,
        defaultEncoding: 'utf8',
        length: 0,
        writing: false,
        corked: 0,
        sync: false,
        bufferProcessing: false,
        onwrite: [Function],
        writecb: null,
        writelen: 0,
        bufferedRequest: null,
        lastBufferedRequest: null,
        pendingcb: 0,
        prefinished: false,
        errorEmitted: false,
        bufferedRequestCount: 0,
        corkedRequestsFree: [Object] },
     writable: true,
     allowHalfOpen: true,
     destroyed: false,
     _bytesDispatched: 927,
     _sockname: null,
     _pendingData: null,
     _pendingEncoding: '',
     server: 
      Server {
        domain: null,
        _events: [Object],
        _eventsCount: 4,
        _maxListeners: undefined,
        _connections: 6,
        _handle: [Object],
        _usingSlaves: false,
        _slaves: [],
        _unref: false,
        allowHalfOpen: true,
        pauseOnConnect: false,
        httpAllowHalfOpen: false,
        timeout: 120000,
        _pendingResponseData: 0,
        _connectionKey: '6::::3000' },
     _server: 
      Server {
        domain: null,
        _events: [Object],
        _eventsCount: 4,
        _maxListeners: undefined,
        _connections: 6,
        _handle: [Object],
        _usingSlaves: false,
        _slaves: [],
        _unref: false,
        allowHalfOpen: true,
        pauseOnConnect: false,
        httpAllowHalfOpen: false,
        timeout: 120000,
        _pendingResponseData: 0,
        _connectionKey: '6::::3000' },
     _idleTimeout: 120000,
     _idleNext: 
      Socket {
        connecting: false,
        _hadError: false,
        _handle: [Object],
        _parent: null,
        _host: null,
        _readableState: [Object],
        readable: true,
        domain: null,
        _events: [Object],
        _eventsCount: 10,
        _maxListeners: undefined,
        _writableState: [Object],
        writable: true,
        allowHalfOpen: true,
        destroyed: false,
        _bytesDispatched: 481,
        _sockname: null,
        _pendingData: null,
        _pendingEncoding: '',
        server: [Object],
        _server: [Object],
        _idleTimeout: 120000,
        _idleNext: [Object],
        _idlePrev: [Circular],
        _idleStart: 1995,
        parser: [Object],
        on: [Function: socketOnWrap],
        _paused: false,
        read: [Function],
        _consuming: true,
        _httpMessage: null,
        _peername: [Object] },
     _idlePrev: 
      TimersList {
        _idleNext: [Circular],
        _idlePrev: [Object],
        _timer: [Object],
        _unrefed: true,
        msecs: 120000 },
     _idleStart: 2093,
     parser: 
      HTTPParser {
        '0': [Function: parserOnHeaders],
        '1': [Function: parserOnHeadersComplete],
        '2': [Function: parserOnBody],
        '3': [Function: parserOnMessageComplete],
        '4': [Function: onParserExecute],
        _headers: [],
        _url: '',
        _consumed: true,
        socket: [Circular],
        incoming: [Circular],
        outgoing: null,
        maxHeaderPairs: 2000,
        onIncoming: [Function: parserOnIncoming] },
     on: [Function: socketOnWrap],
     _paused: false,
     read: [Function],
     _consuming: true,
     _httpMessage: 
      ServerResponse {
        domain: null,
        _events: [Object],
        _eventsCount: 2,
        _maxListeners: undefined,
        output: [],
        outputEncodings: [],
        outputCallbacks: [],
        outputSize: 0,
        writable: true,
        _last: false,
        upgrading: false,
        chunkedEncoding: false,
        shouldKeepAlive: true,
        useChunkedEncodingByDefault: true,
        sendDate: true,
        _removedHeader: {},
        _contentLength: null,
        _hasBody: true,
        _trailer: '',
        finished: false,
        _headerSent: false,
        socket: [Circular],
        connection: [Circular],
        _header: null,
        _headers: [Object],
        _headerNames: [Object],
        _onPendingData: [Function: updateOutgoingData],
        req: [Circular],
        locals: {},
        writeHead: [Function: writeHead],
        end: [Function: end],
        __onFinished: [Object] },
     _peername: { address: '::ffff:127.0.0.1', family: 'IPv6', port: 53282 } },
  httpVersionMajor: 1,
  httpVersionMinor: 1,
  httpVersion: '1.1',
  complete: true,
  headers: 
   { host: 'localhost:3000',
     connection: 'keep-alive',
     accept: '*/*',
     'user-agent': 'Mozilla/5.0 (Windows NT 6.1; WOW64) AppleWebKit/537.36 (KHTML, like Gecko) Chrome/38.0.2125.111 Safari/537.36',
     'accept-encoding': 'gzip,deflate,sdch',
     'accept-language': 'zh-CN,zh;q=0.8',
     cookie: 'bdshare_firstime=1454232799904; connect.sid=s%3APxfmYDCPwDG0T5XbrL5YjaBJ_N6Zfhc-.IZxoqdZEHSsDqrijVOKsfkk8LGVDPAsL3RMdE7tM7A0',
     'if-none-match': 'W/"cyqv2QvQGfLeZUFqH2F7Og=="' },
  rawHeaders: 
   [ 'Host',
     'localhost:3000',
     'Connection',
     'keep-alive',
     'Accept',
     '*/*',
     'User-Agent',
     'Mozilla/5.0 (Windows NT 6.1; WOW64) AppleWebKit/537.36 (KHTML, like Gecko) Chrome/38.0.2125.111 Safari/537.36',
     'Accept-Encoding',
     'gzip,deflate,sdch',
     'Accept-Language',
     'zh-CN,zh;q=0.8',
     'Cookie',
     'bdshare_firstime=1454232799904; connect.sid=s%3APxfmYDCPwDG0T5XbrL5YjaBJ_N6Zfhc-.IZxoqdZEHSsDqrijVOKsfkk8LGVDPAsL3RMdE7tM7A0',
     'If-None-Match',
     'W/"cyqv2QvQGfLeZUFqH2F7Og=="' ],
  trailers: {},
  rawTrailers: [],
  upgrade: false,
  url: '/login',
  method: 'GET',
  statusCode: null,
  statusMessage: null,
  client: 
   Socket {
     connecting: false,
     _hadError: false,
     _handle: 
      TCP {
        bytesRead: 2446,
        _externalStream: {},
        fd: -1,
        reading: true,
        owner: [Circular],
        onread: [Function: onread],
        onconnection: null,
        writeQueueSize: 0 },
     _parent: null,
     _host: null,
     _readableState: 
      ReadableState {
        objectMode: false,
        highWaterMark: 16384,
        buffer: [Object],
        length: 0,
        pipes: null,
        pipesCount: 0,
        flowing: true,
        ended: false,
        endEmitted: false,
        reading: true,
        sync: false,
        needReadable: true,
        emittedReadable: false,
        readableListening: false,
        resumeScheduled: false,
        defaultEncoding: 'utf8',
        ranOut: false,
        awaitDrain: 0,
        readingMore: false,
        decoder: null,
        encoding: null },
     readable: true,
     domain: null,
     _events: 
      { end: [Object],
        finish: [Function: onSocketFinish],
        _socketEnd: [Function: onSocketEnd],
        drain: [Object],
        timeout: [Function],
        error: [Object],
        close: [Object],
        data: [Function: socketOnData],
        resume: [Function: onSocketResume],
        pause: [Function: onSocketPause] },
     _eventsCount: 10,
     _maxListeners: undefined,
     _writableState: 
      WritableState {
        objectMode: false,
        highWaterMark: 16384,
        needDrain: false,
        ending: false,
        ended: false,
        finished: false,
        decodeStrings: false,
        defaultEncoding: 'utf8',
        length: 0,
        writing: false,
        corked: 0,
        sync: false,
        bufferProcessing: false,
        onwrite: [Function],
        writecb: null,
        writelen: 0,
        bufferedRequest: null,
        lastBufferedRequest: null,
        pendingcb: 0,
        prefinished: false,
        errorEmitted: false,
        bufferedRequestCount: 0,
        corkedRequestsFree: [Object] },
     writable: true,
     allowHalfOpen: true,
     destroyed: false,
     _bytesDispatched: 927,
     _sockname: null,
     _pendingData: null,
     _pendingEncoding: '',
     server: 
      Server {
        domain: null,
        _events: [Object],
        _eventsCount: 4,
        _maxListeners: undefined,
        _connections: 6,
        _handle: [Object],
        _usingSlaves: false,
        _slaves: [],
        _unref: false,
        allowHalfOpen: true,
        pauseOnConnect: false,
        httpAllowHalfOpen: false,
        timeout: 120000,
        _pendingResponseData: 0,
        _connectionKey: '6::::3000' },
     _server: 
      Server {
        domain: null,
        _events: [Object],
        _eventsCount: 4,
        _maxListeners: undefined,
        _connections: 6,
        _handle: [Object],
        _usingSlaves: false,
        _slaves: [],
        _unref: false,
        allowHalfOpen: true,
        pauseOnConnect: false,
        httpAllowHalfOpen: false,
        timeout: 120000,
        _pendingResponseData: 0,
        _connectionKey: '6::::3000' },
     _idleTimeout: 120000,
     _idleNext: 
      Socket {
        connecting: false,
        _hadError: false,
        _handle: [Object],
        _parent: null,
        _host: null,
        _readableState: [Object],
        readable: true,
        domain: null,
        _events: [Object],
        _eventsCount: 10,
        _maxListeners: undefined,
        _writableState: [Object],
        writable: true,
        allowHalfOpen: true,
        destroyed: false,
        _bytesDispatched: 481,
        _sockname: null,
        _pendingData: null,
        _pendingEncoding: '',
        server: [Object],
        _server: [Object],
        _idleTimeout: 120000,
        _idleNext: [Object],
        _idlePrev: [Circular],
        _idleStart: 1995,
        parser: [Object],
        on: [Function: socketOnWrap],
        _paused: false,
        read: [Function],
        _consuming: true,
        _httpMessage: null,
        _peername: [Object] },
     _idlePrev: 
      TimersList {
        _idleNext: [Circular],
        _idlePrev: [Object],
        _timer: [Object],
        _unrefed: true,
        msecs: 120000 },
     _idleStart: 2093,
     parser: 
      HTTPParser {
        '0': [Function: parserOnHeaders],
        '1': [Function: parserOnHeadersComplete],
        '2': [Function: parserOnBody],
        '3': [Function: parserOnMessageComplete],
        '4': [Function: onParserExecute],
        _headers: [],
        _url: '',
        _consumed: true,
        socket: [Circular],
        incoming: [Circular],
        outgoing: null,
        maxHeaderPairs: 2000,
        onIncoming: [Function: parserOnIncoming] },
     on: [Function: socketOnWrap],
     _paused: false,
     read: [Function],
     _consuming: true,
     _httpMessage: 
      ServerResponse {
        domain: null,
        _events: [Object],
        _eventsCount: 2,
        _maxListeners: undefined,
        output: [],
        outputEncodings: [],
        outputCallbacks: [],
        outputSize: 0,
        writable: true,
        _last: false,
        upgrading: false,
        chunkedEncoding: false,
        shouldKeepAlive: true,
        useChunkedEncodingByDefault: true,
        sendDate: true,
        _removedHeader: {},
        _contentLength: null,
        _hasBody: true,
        _trailer: '',
        finished: false,
        _headerSent: false,
        socket: [Circular],
        connection: [Circular],
        _header: null,
        _headers: [Object],
        _headerNames: [Object],
        _onPendingData: [Function: updateOutgoingData],
        req: [Circular],
        locals: {},
        writeHead: [Function: writeHead],
        end: [Function: end],
        __onFinished: [Object] },
     _peername: { address: '::ffff:127.0.0.1', family: 'IPv6', port: 53282 } },
  _consuming: false,
  _dumped: false,
  next: [Function: next],
  baseUrl: '',
  originalUrl: '/login',
  _parsedUrl: 
   Url {
     protocol: null,
     slashes: null,
     auth: null,
     host: null,
     port: null,
     hostname: null,
     hash: null,
     search: null,
     query: null,
     pathname: '/login',
     path: '/login',
     href: '/login',
     _raw: '/login' },
  params: {},
  query: {},
  res: 
   ServerResponse {
     domain: null,
     _events: { finish: [Object], end: [Function: onevent] },
     _eventsCount: 2,
     _maxListeners: undefined,
     output: [],
     outputEncodings: [],
     outputCallbacks: [],
     outputSize: 0,
     writable: true,
     _last: false,
     upgrading: false,
     chunkedEncoding: false,
     shouldKeepAlive: true,
     useChunkedEncodingByDefault: true,
     sendDate: true,
     _removedHeader: {},
     _contentLength: null,
     _hasBody: true,
     _trailer: '',
     finished: false,
     _headerSent: false,
     socket: 
      Socket {
        connecting: false,
        _hadError: false,
        _handle: [Object],
        _parent: null,
        _host: null,
        _readableState: [Object],
        readable: true,
        domain: null,
        _events: [Object],
        _eventsCount: 10,
        _maxListeners: undefined,
        _writableState: [Object],
        writable: true,
        allowHalfOpen: true,
        destroyed: false,
        _bytesDispatched: 927,
        _sockname: null,
        _pendingData: null,
        _pendingEncoding: '',
        server: [Object],
        _server: [Object],
        _idleTimeout: 120000,
        _idleNext: [Object],
        _idlePrev: [Object],
        _idleStart: 2093,
        parser: [Object],
        on: [Function: socketOnWrap],
        _paused: false,
        read: [Function],
        _consuming: true,
        _httpMessage: [Circular],
        _peername: [Object] },
     connection: 
      Socket {
        connecting: false,
        _hadError: false,
        _handle: [Object],
        _parent: null,
        _host: null,
        _readableState: [Object],
        readable: true,
        domain: null,
        _events: [Object],
        _eventsCount: 10,
        _maxListeners: undefined,
        _writableState: [Object],
        writable: true,
        allowHalfOpen: true,
        destroyed: false,
        _bytesDispatched: 927,
        _sockname: null,
        _pendingData: null,
        _pendingEncoding: '',
        server: [Object],
        _server: [Object],
        _idleTimeout: 120000,
        _idleNext: [Object],
        _idlePrev: [Object],
        _idleStart: 2093,
        parser: [Object],
        on: [Function: socketOnWrap],
        _paused: false,
        read: [Function],
        _consuming: true,
        _httpMessage: [Circular],
        _peername: [Object] },
     _header: null,
     _headers: { 'x-powered-by': 'Express' },
     _headerNames: { 'x-powered-by': 'X-Powered-By' },
     _onPendingData: [Function: updateOutgoingData],
     req: [Circular],
     locals: {},
     writeHead: [Function: writeHead],
     end: [Function: end],
     __onFinished: { [Function: listener] queue: [Object] } },
  _parsedOriginalUrl: 
   Url {
     protocol: null,
     slashes: null,
     auth: null,
     host: null,
     port: null,
     hostname: null,
     hash: null,
     search: null,
     query: null,
     pathname: '/login',
     path: '/login',
     href: '/login',
     _raw: '/login' },
  sessionStore: 
   MemoryStore {
     sessions: { 'PxfmYDCPwDG0T5XbrL5YjaBJ_N6Zfhc-': '{"cookie":{"originalMaxAge":1800000,"expires":"2016-11-06T04:06:12.366Z","httpOnly":true,"path":"/"}}' },
     generate: [Function],
     _events: { disconnect: [Function], connect: [Function] },
     _eventsCount: 2 },
  sessionID: 'PxfmYDCPwDG0T5XbrL5YjaBJ_N6Zfhc-',
  session: 
   Session {
     cookie: 
      { path: '/',
        _expires: 2016-11-06T04:06:12.366Z,
        originalMaxAge: 1800000,
        httpOnly: true } },
  _startAt: [ 6491, 19597781 ],
  _startTime: 2016-11-06T03:36:12.381Z,
  _remoteAddress: '::ffff:127.0.0.1',
  body: {},
  secret: undefined,
  cookies: 
   { bdshare_firstime: '1454232799904',
     'connect.sid': 's:PxfmYDCPwDG0T5XbrL5YjaBJ_N6Zfhc-.IZxoqdZEHSsDqrijVOKsfkk8LGVDPAsL3RMdE7tM7A0' },
  signedCookies: {},
  route: Route { path: '/login', stack: [ [Object] ], methods: { get: true } } }
[NaN-NaN-NaN NaN:NaN:NaN.NaN] [TRACE] log_file - This is a Log4js-Test
[NaN-NaN-NaN NaN:NaN:NaN.NaN] [DEBUG] log_file - We Write Logs with log4js
[NaN-NaN-NaN NaN:NaN:NaN.NaN] [INFO] log_file - You can find logs-files in the log-dir
[NaN-NaN-NaN NaN:NaN:NaN.NaN] [WARN] log_file - log-dir is a configuration-item in the log4js.json
[NaN-NaN-NaN NaN:NaN:NaN.NaN] [ERROR] log_file - In This Test log-dir is : './logs/log_test/'
[NaN-NaN-NaN NaN:NaN:NaN.NaN] [TRACE] log_file - This is a Log4js-Test
[NaN-NaN-NaN NaN:NaN:NaN.NaN] [DEBUG] log_file - We Write Logs with log4js
[NaN-NaN-NaN NaN:NaN:NaN.NaN] [INFO] log_file - You can find logs-files in the log-dir
[NaN-NaN-NaN NaN:NaN:NaN.NaN] [WARN] log_file - log-dir is a configuration-item in the log4js.json
[NaN-NaN-NaN NaN:NaN:NaN.NaN] [ERROR] log_file - In This Test log-dir is : './logs/log_test/'
[NaN-NaN-NaN NaN:NaN:NaN.NaN] [TRACE] log_file - This is a Log4js-Test
[NaN-NaN-NaN NaN:NaN:NaN.NaN] [DEBUG] log_file - We Write Logs with log4js
[NaN-NaN-NaN NaN:NaN:NaN.NaN] [INFO] log_file - You can find logs-files in the log-dir
[NaN-NaN-NaN NaN:NaN:NaN.NaN] [WARN] log_file - log-dir is a configuration-item in the log4js.json
[NaN-NaN-NaN NaN:NaN:NaN.NaN] [ERROR] log_file - In This Test log-dir is : './logs/log_test/'
[NaN-NaN-NaN NaN:NaN:NaN.NaN] [TRACE] log_file - This is a Log4js-Test
[NaN-NaN-NaN NaN:NaN:NaN.NaN] [DEBUG] log_file - We Write Logs with log4js
[NaN-NaN-NaN NaN:NaN:NaN.NaN] [INFO] log_file - You can find logs-files in the log-dir
[NaN-NaN-NaN NaN:NaN:NaN.NaN] [WARN] log_file - log-dir is a configuration-item in the log4js.json
[NaN-NaN-NaN NaN:NaN:NaN.NaN] [ERROR] log_file - In This Test log-dir is : './logs/log_test/'
